* using log directory ‘/data/git/plotkml/www/plotKML.Rcheck’
* using R version 3.5.1 (2018-07-02)
* using platform: x86_64-pc-linux-gnu (64-bit)
* using session charset: UTF-8
* using options ‘--no-build-vignettes --as-cran’
* checking for file ‘plotKML/DESCRIPTION’ ... OK
* this is package ‘plotKML’ version ‘0.6-0’
* checking CRAN incoming feasibility ... NOTE
Maintainer: ‘Tomislav Hengl <tom.hengl@opengeohub.org>’

Found the following (possibly) invalid URLs:
  URL: http://saga-gis.org/
    From: man/eberg.Rd
    Status: 503
    Message: Service Unavailable
  URL: https://www.agu.org/books/gm/v191/
    From: man/HRprec08.Rd
    Status: 404
    Message: Not Found
* checking package namespace information ... OK
* checking package dependencies ... OK
* checking if this is a source package ... OK
* checking if there is a namespace ... OK
* checking for executable files ... OK
* checking for hidden files and directories ... OK
* checking for portable file names ... OK
* checking for sufficient/correct file permissions ... OK
* checking serialization versions ... OK
* checking whether package ‘plotKML’ can be installed ... OK
* checking installed package size ... OK
* checking package directory ... OK
* checking DESCRIPTION meta-information ... OK
* checking top-level files ... OK
* checking for left-over files ... OK
* checking index information ... OK
* checking package subdirectories ... OK
* checking R files for non-ASCII characters ... OK
* checking R files for syntax errors ... OK
* checking whether the package can be loaded ... OK
* checking whether the package can be loaded with stated dependencies ... OK
* checking whether the package can be unloaded cleanly ... OK
* checking whether the namespace can be loaded with stated dependencies ... OK
* checking whether the namespace can be unloaded cleanly ... OK
* checking use of S3 registration ... OK
* checking dependencies in R code ... OK
* checking S3 generic/method consistency ... OK
* checking replacement functions ... OK
* checking foreign function calls ... OK
* checking R code for possible problems ... OK
* checking Rd files ... OK
* checking Rd metadata ... OK
* checking Rd line widths ... OK
* checking Rd cross-references ... OK
* checking for missing documentation entries ... OK
* checking for code/documentation mismatches ... OK
* checking Rd \usage sections ...