This is pdfTeX, Version 3.14159265-2.6-1.40.19 (TeX Live 2018) (preloaded format=pdflatex 2019.2.7)  4 NOV 2019 18:51
entering extended mode
 restricted \write18 enabled.
 %&-line parsing enabled.
**Rd2.tex
(./Rd2.tex
LaTeX2e <2018-12-01>

(/home/tomislav/.TinyTeX/texmf-dist/tex/latex/base/book.cls
Document Class: book 2018/09/03 v1.4i Standard LaTeX document class
(/home/tomislav/.TinyTeX/texmf-dist/tex/latex/base/bk10.clo
File: bk10.clo 2018/09/03 v1.4i Standard LaTeX file (size option)
)
\c@part=\count80
\c@chapter=\count81
\c@section=\count82
\c@subsection=\count83
\c@subsubsection=\count84
\c@paragraph=\count85
\c@subparagraph=\count86
\c@figure=\count87
\c@table=\count88
\abovecaptionskip=\skip41
\belowcaptionskip=\skip42
\bibindent=\dimen102
)
(/opt/microsoft/ropen/3.5.1/lib64/R/share/texmf/tex/latex/Rd.sty
Package: Rd 

(/home/tomislav/.TinyTeX/texmf-dist/tex/latex/base/ifthen.sty
Package: ifthen 2014/09/29 v1.1c Standard LaTeX ifthen package (DPC)
)
(/home/tomislav/.TinyTeX/texmf-dist/tex/latex/tools/longtable.sty
Package: longtable 2014/10/28 v4.11 Multi-page Table package (DPC)+ FMi change
\LTleft=\skip43
\LTright=\skip44
\LTpre=\skip45
\LTpost=\skip46
\LTchunksize=\count89
\LTcapwidth=\dimen103
\LT@head=\box27
\LT@firsthead=\box28
\LT@foot=\box29
\LT@lastfoot=\box30
\LT@cols=\count90
\LT@rows=\count91
\c@LT@tables=\count92
\c@LT@chunks=\count93
\LT@p@ftn=\toks14
)
(/home/tomislav/.TinyTeX/texmf-dist/tex/latex/tools/bm.sty
Package: bm 2017/01/16 v1.2c Bold Symbol Support (DPC/FMi)
\symboldoperators=\mathgroup4
\symboldletters=\mathgroup5
\symboldsymbols=\mathgroup6
LaTeX Font Info:    Redeclaring math alphabet \mathbf on input line 141.
LaTeX Info: Redefining \bm on input line 207.
)
(/home/tomislav/.TinyTeX/texmf-dist/tex/latex/base/alltt.sty
Package: alltt 1997/06/16 v2.0g defines alltt environment
)
(/home/tomislav/.TinyTeX/texmf-dist/tex/latex/tools/verbatim.sty
Package: verbatim 2014/10/28 v1.5q LaTeX2e package for verbatim enhancements
\every@verbatim=\toks15
\verbatim@line=\toks16
\verbatim@in@stream=\read1
)
(/home/tomislav/.TinyTeX/texmf-dist/tex/latex/url/url.sty
\Urlmuskip=\muskip10
Package: url 2013/09/16  ver 3.4  Verb mode for urls, etc.
)
(/home/tomislav/.TinyTeX/texmf-dist/tex/latex/base/textcomp.sty
Package: textcomp 2018/08/11 v2.0j Standard LaTeX package
Package textcomp Info: Sub-encoding information:
(textcomp)               5 = only ISO-Adobe without \textcurrency
(textcomp)               4 = 5 + \texteuro
(textcomp)               3 = 4 + \textohm
(textcomp)               2 = 3 + \textestimated + \textcurrency
(textcomp)               1 = TS1 - \textcircled - \t
(textcomp)               0 = TS1 (full)
(textcomp)             Font families with sub-encoding setting implement
(textcomp)             only a restricted character set as indicated.
(textcomp)             Family '?' is the default used for unknown fonts.
(textcomp)             See the documentation for details.
Package textcomp Info: Setting ? sub-encoding to TS1/1 on input line 79.

(/home/tomislav/.TinyTeX/texmf-dist/tex/latex/base/ts1enc.def
File: ts1enc.def 2001/06/05 v3.0e (jk/car/fm) Standard LaTeX file
Now handling font encoding TS1 ...
... processing UTF-8 mapping file for font encoding TS1

(/home/tomislav/.TinyTeX/texmf-dist/tex/latex/base/ts1enc.dfu
File: ts1enc.dfu 2018/10/05 v1.2f UTF-8 support for inputenc
   defining Unicode char U+00A2 (decimal 162)
   defining Unicode char U+00A3 (decimal 163)
   defining Unicode char U+00A4 (decimal 164)
   defining Unicode char U+00A5 (decimal 165)
   defining Unicode char U+00A6 (decimal 166)
   defining Unicode char U+00A7 (decimal 167)
   defining Unicode char U+00A8 (decimal 168)
   defining Unicode char U+00A9 (decimal 169)
   defining Unicode char U+00AA (decimal 170)
   defining Unicode char U+00AC (decimal 172)
   defining Unicode char U+00AE (decimal 174)
   defining Unicode char U+00AF (decimal 175)
   defining Unicode char U+00B0 (decimal 176)
   defining Unicode char U+00B1 (decimal 177)
   defining Unicode char U+00B2 (decimal 178)
   defining Unicode char U+00B3 (decimal 179)
   defining Unicode char U+00B4 (decimal 180)
   defining Unicode char U+00B5 (decimal 181)
   defining Unicode char U+00B6 (decimal 182)
   defining Unicode char U+00B7 (decimal 183)
   defining Unicode char U+00B9 (decimal 185)
   defining Unicode char U+00BA (decimal 186)
   defining Unicode char U+00BC (decimal 188)
   defining Unicode char U+00BD (decimal 189)
   defining Unicode char U+00BE (decimal 190)
   defining Unicode char U+00D7 (decimal 215)
   defining Unicode char U+00F7 (decimal 247)
   defining Unicode char U+0192 (decimal 402)
   defining Unicode char U+02C7 (decimal 711)
   defining Unicode char U+02D8 (decimal 728)
   defining Unicode char U+02DD (decimal 733)
   defining Unicode char U+0E3F (decimal 3647)
   defining Unicode char U+2016 (decimal 8214)
   defining Unicode char U+2020 (decimal 8224)
   defining Unicode char U+2021 (decimal 8225)
   defining Unicode char U+2022 (decimal 8226)
   defining Unicode char U+2030 (decimal 8240)
   defining Unicode char U+2031 (decimal 8241)
   defining Unicode char U+203B (decimal 8251)
   defining Unicode char U+203D (decimal 8253)
   defining Unicode char U+2044 (decimal 8260)
   defining Unicode char U+204E (decimal 8270)
   defining Unicode char U+2052 (decimal 8274)
   defining Unicode char U+20A1 (decimal 8353)
   defining Unicode char U+20A4 (decimal 8356)
   defining Unicode char U+20A6 (decimal 8358)
   defining Unicode char U+20A9 (decimal 8361)
   defining Unicode char U+20AB (decimal 8363)
   defining Unicode char U+20AC (decimal 8364)
   defining Unicode char U+20B1 (decimal 8369)
   defining Unicode char U+2103 (decimal 8451)
   defining Unicode char U+2116 (decimal 8470)
   defining Unicode char U+2117 (decimal 8471)
   defining Unicode char U+211E (decimal 8478)
   defining Unicode char U+2120 (decimal 8480)
   defining Unicode char U+2122 (decimal 8482)
   defining Unicode char U+2126 (decimal 8486)
   defining Unicode char U+2127 (decimal 8487)
   defining Unicode char U+212E (decimal 8494)
   defining Unicode char U+2190 (decimal 8592)
   defining Unicode char U+2191 (decimal 8593)
   defining Unicode char U+2192 (decimal 8594)
   defining Unicode char U+2193 (decimal 8595)
   defining Unicode char U+2329 (decimal 9001)
   defining Unicode char U+232A (decimal 9002)
   defining Unicode char U+2422 (decimal 9250)
   defining Unicode char U+25E6 (decimal 9702)
   defining Unicode char U+25EF (decimal 9711)
   defining Unicode char U+266A (decimal 9834)
   defining Unicode char U+FEFF (decimal 65279)
))
LaTeX Info: Redefining \oldstylenums on input line 334.
Package textcomp Info: Setting cmr sub-encoding to TS1/0 on input line 349.
Package textcomp Info: Setting cmss sub-encoding to TS1/0 on input line 350.
Package textcomp Info: Setting cmtt sub-encoding to TS1/0 on input line 351.
Package textcomp Info: Setting cmvtt sub-encoding to TS1/0 on input line 352.
Package textcomp Info: Setting cmbr sub-encoding to TS1/0 on input line 353.
Package textcomp Info: Setting cmtl sub-encoding to TS1/0 on input line 354.
Package textcomp Info: Setting ccr sub-encoding to TS1/0 on input line 355.
Package textcomp Info: Setting ptm sub-encoding to TS1/4 on input line 356.
Package textcomp Info: Setting pcr sub-encoding to TS1/4 on input line 357.
Package textcomp Info: Setting phv sub-encoding to TS1/4 on input line 358.
Package textcomp Info: Setting ppl sub-encoding to TS1/3 on input line 359.
Package textcomp Info: Setting pag sub-encoding to TS1/4 on input line 360.
Package textcomp Info: Setting pbk sub-encoding to TS1/4 on input line 361.
Package textcomp Info: Setting pnc sub-encoding to TS1/4 on input line 362.
Package textcomp Info: Setting pzc sub-encoding to TS1/4 on input line 363.
Package textcomp Info: Setting bch sub-encoding to TS1/4 on input line 364.
Package textcomp Info: Setting put sub-encoding to TS1/5 on input line 365.
Package textcomp Info: Setting uag sub-encoding to TS1/5 on input line 366.
Package textcomp Info: Setting ugq sub-encoding to TS1/5 on input line 367.
Package textcomp Info: Setting ul8 sub-encoding to TS1/4 on input line 368.
Package textcomp Info: Setting ul9 sub-encoding to TS1/4 on input line 369.
Package textcomp Info: Setting augie sub-encoding to TS1/5 on input line 370.
Package textcomp Info: Setting dayrom sub-encoding to TS1/3 on input line 371.
Package textcomp Info: Setting dayroms sub-encoding to TS1/3 on input line 372.

Package textcomp Info: Setting pxr sub-encoding to TS1/0 on input line 373.
Package textcomp Info: Setting pxss sub-encoding to TS1/0 on input line 374.
Package textcomp Info: Setting pxtt sub-encoding to TS1/0 on input line 375.
Package textcomp Info: Setting txr sub-encoding to TS1/0 on input line 376.
Package textcomp Info: Setting txss sub-encoding to TS1/0 on input line 377.
Package textcomp Info: Setting txtt sub-encoding to TS1/0 on input line 378.
Package textcomp Info: Setting lmr sub-encoding to TS1/0 on input line 379.
Package textcomp Info: Setting lmdh sub-encoding to TS1/0 on input line 380.
Package textcomp Info: Setting lmss sub-encoding to TS1/0 on input line 381.
Package textcomp Info: Setting lmssq sub-encoding to TS1/0 on input line 382.
Package textcomp Info: Setting lmvtt sub-encoding to TS1/0 on input line 383.
Package textcomp Info: Setting lmtt sub-encoding to TS1/0 on input line 384.
Package textcomp Info: Setting qhv sub-encoding to TS1/0 on input line 385.
Package textcomp Info: Setting qag sub-encoding to TS1/0 on input line 386.
Package textcomp Info: Setting qbk sub-encoding to TS1/0 on input line 387.
Package textcomp Info: Setting qcr sub-encoding to TS1/0 on input line 388.
Package textcomp Info: Setting qcs sub-encoding to TS1/0 on input line 389.
Package textcomp Info: Setting qpl sub-encoding to TS1/0 on input line 390.
Package textcomp Info: Setting qtm sub-encoding to TS1/0 on input line 391.
Package textcomp Info: Setting qzc sub-encoding to TS1/0 on input line 392.
Package textcomp Info: Setting qhvc sub-encoding to TS1/0 on input line 393.
Package textcomp Info: Setting futs sub-encoding to TS1/4 on input line 394.
Package textcomp Info: Setting futx sub-encoding to TS1/4 on input line 395.
Package textcomp Info: Setting futj sub-encoding to TS1/4 on input line 396.
Package textcomp Info: Setting hlh sub-encoding to TS1/3 on input line 397.
Package textcomp Info: Setting hls sub-encoding to TS1/3 on input line 398.
Package textcomp Info: Setting hlst sub-encoding to TS1/3 on input line 399.
Package textcomp Info: Setting hlct sub-encoding to TS1/5 on input line 400.
Package textcomp Info: Setting hlx sub-encoding to TS1/5 on input line 401.
Package textcomp Info: Setting hlce sub-encoding to TS1/5 on input line 402.
Package textcomp Info: Setting hlcn sub-encoding to TS1/5 on input line 403.
Package textcomp Info: Setting hlcw sub-encoding to TS1/5 on input line 404.
Package textcomp Info: Setting hlcf sub-encoding to TS1/5 on input line 405.
Package textcomp Info: Setting pplx sub-encoding to TS1/3 on input line 406.
Package textcomp Info: Setting pplj sub-encoding to TS1/3 on input line 407.
Package textcomp Info: Setting ptmx sub-encoding to TS1/4 on input line 408.
Package textcomp Info: Setting ptmj sub-encoding to TS1/4 on input line 409.
)
\ldescriptionwidth=\skip47

(/home/tomislav/.TinyTeX/texmf-dist/tex/latex/inconsolata/zi4.sty
Package: zi4 2017/01/04 v1.112

`inconsolata-zi4' v1.112, 2017/01/04 Text macros for Inconsolata (msharpe)
(/home/tomislav/.TinyTeX/texmf-dist/tex/latex/xkeyval/xkeyval.sty
Package: xkeyval 2014/12/03 v2.7a package option processing (HA)

(/home/tomislav/.TinyTeX/texmf-dist/tex/generic/xkeyval/xkeyval.tex
(/home/tomislav/.TinyTeX/texmf-dist/tex/generic/xkeyval/xkvutils.tex
\XKV@toks=\toks17
\XKV@tempa@toks=\toks18

(/home/tomislav/.TinyTeX/texmf-dist/tex/generic/xkeyval/keyval.tex))
\XKV@depth=\count94
File: xkeyval.tex 2014/12/03 v2.7a key=value parser (HA)
))
\zifour@ocount=\count95
)
(/home/tomislav/.TinyTeX/texmf-dist/tex/latex/graphics/color.sty
Package: color 2016/07/10 v1.1e Standard LaTeX Color (DPC)

(/home/tomislav/.TinyTeX/texmf-dist/tex/latex/graphics-cfg/color.cfg
File: color.cfg 2016/01/02 v1.6 sample color configuration
)
Package color Info: Driver file: pdftex.def on input line 147.

(/home/tomislav/.TinyTeX/texmf-dist/tex/latex/graphics-def/pdftex.def
File: pdftex.def 2018/01/08 v1.0l Graphics/color driver for pdftex
))
(/home/tomislav/.TinyTeX/texmf-dist/tex/latex/hyperref/hyperref.sty
Package: hyperref 2018/11/30 v6.88e Hypertext links for LaTeX

(/home/tomislav/.TinyTeX/texmf-dist/tex/generic/oberdiek/hobsub-hyperref.sty
Package: hobsub-hyperref 2016/05/16 v1.14 Bundle oberdiek, subset hyperref (HO)


(/home/tomislav/.TinyTeX/texmf-dist/tex/generic/oberdiek/hobsub-generic.sty
Package: hobsub-generic 2016/05/16 v1.14 Bundle oberdiek, subset generic (HO)
Package: hobsub 2016/05/16 v1.14 Construct package bundles (HO)
Package: infwarerr 2016/05/16 v1.4 Providing info/warning/error messages (HO)
Package: ltxcmds 2016/05/16 v1.23 LaTeX kernel commands for general use (HO)
Package: ifluatex 2016/05/16 v1.4 Provides the ifluatex switch (HO)
Package ifluatex Info: LuaTeX not detected.
Package: ifvtex 2016/05/16 v1.6 Detect VTeX and its facilities (HO)
Package ifvtex Info: VTeX not detected.
Package: intcalc 2016/05/16 v1.2 Expandable calculations with integers (HO)
Package: ifpdf 2018/09/07 v3.3 Provides the ifpdf switch
Package: etexcmds 2016/05/16 v1.6 Avoid name clashes with e-TeX commands (HO)
Package etexcmds Info: Could not find \expanded.
(etexcmds)             That can mean that you are not using pdfTeX 1.50 or
(etexcmds)             that some package has redefined \expanded.
(etexcmds)             In the latter case, load this package earlier.
Package: kvsetkeys 2016/05/16 v1.17 Key value parser (HO)
Package: kvdefinekeys 2016/05/16 v1.4 Define keys (HO)
Package: pdftexcmds 2018/09/10 v0.29 Utility functions of pdfTeX for LuaTeX (HO
)
Package pdftexcmds Info: LuaTeX not detected.
Package pdftexcmds Info: \pdf@primitive is available.
Package pdftexcmds Info: \pdf@ifprimitive is available.
Package pdftexcmds Info: \pdfdraftmode found.
Package: pdfescape 2016/05/16 v1.14 Implements pdfTeX's escape features (HO)
Package: bigintcalc 2016/05/16 v1.4 Expandable calculations on big integers (HO
)
Package: bitset 2016/05/16 v1.2 Handle bit-vector datatype (HO)
Package: uniquecounter 2016/05/16 v1.3 Provide unlimited unique counter (HO)
)
Package hobsub Info: Skipping package `hobsub' (already loaded).
Package: letltxmacro 2016/05/16 v1.5 Let assignment for LaTeX macros (HO)
Package: hopatch 2016/05/16 v1.3 Wrapper for package hooks (HO)
Package: xcolor-patch 2016/05/16 xcolor patch
Package: atveryend 2016/05/16 v1.9 Hooks at the very end of document (HO)
Package atveryend Info: \enddocument detected (standard20110627).
Package: atbegshi 2016/06/09 v1.18 At begin shipout hook (HO)
Package: refcount 2016/05/16 v3.5 Data extraction from label references (HO)
Package: hycolor 2016/05/16 v1.8 Color options for hyperref/bookmark (HO)
)
(/home/tomislav/.TinyTeX/texmf-dist/tex/generic/ifxetex/ifxetex.sty
Package: ifxetex 2010/09/12 v0.6 Provides ifxetex conditional
)
(/home/tomislav/.TinyTeX/texmf-dist/tex/latex/oberdiek/auxhook.sty
Package: auxhook 2016/05/16 v1.4 Hooks for auxiliary files (HO)
)
(/home/tomislav/.TinyTeX/texmf-dist/tex/latex/oberdiek/kvoptions.sty
Package: kvoptions 2016/05/16 v3.12 Key value format for package options (HO)
)
\@linkdim=\dimen104
\Hy@linkcounter=\count96
\Hy@pagecounter=\count97

(/home/tomislav/.TinyTeX/texmf-dist/tex/latex/hyperref/pd1enc.def
File: pd1enc.def 2018/11/30 v6.88e Hyperref: PDFDocEncoding definition (HO)
Now handling font encoding PD1 ...
... no UTF-8 mapping file for font encoding PD1
)
\Hy@SavedSpaceFactor=\count98

(/home/tomislav/.TinyTeX/texmf-dist/tex/latex/latexconfig/hyperref.cfg
File: hyperref.cfg 2002/06/06 v1.2 hyperref configuration of TeXLive
)
Package hyperref Info: Hyper figures OFF on input line 4519.
Package hyperref Info: Link nesting OFF on input line 4524.
Package hyperref Info: Hyper index ON on input line 4527.
Package hyperref Info: Plain pages OFF on input line 4534.
Package hyperref Info: Backreferencing OFF on input line 4539.
Package hyperref Info: Implicit mode ON; LaTeX internals redefined.
Package hyperref Info: Bookmarks ON on input line 4772.
\c@Hy@tempcnt=\count99
LaTeX Info: Redefining \url on input line 5125.
\XeTeXLinkMargin=\dimen105
\Fld@menulength=\count100
\Field@Width=\dimen106
\Fld@charsize=\dimen107
Package hyperref Info: Hyper figures OFF on input line 6380.
Package hyperref Info: Link nesting OFF on input line 6385.
Package hyperref Info: Hyper index ON on input line 6388.
Package hyperref Info: backreferencing OFF on input line 6395.
Package hyperref Info: Link coloring OFF on input line 6400.
Package hyperref Info: Link coloring with OCG OFF on input line 6405.
Package hyperref Info: PDF/A mode OFF on input line 6410.
LaTeX Info: Redefining \ref on input line 6450.
LaTeX Info: Redefining \pageref on input line 6454.
\Hy@abspage=\count101
\c@Item=\count102
\c@Hfootnote=\count103
)
Package hyperref Info: Driver (autodetected): hpdftex.

(/home/tomislav/.TinyTeX/texmf-dist/tex/latex/hyperref/hpdftex.def
File: hpdftex.def 2018/11/30 v6.88e Hyperref driver for pdfTeX
\Fld@listcount=\count104
\c@bookmark@seq@number=\count105

(/home/tomislav/.TinyTeX/texmf-dist/tex/latex/oberdiek/rerunfilecheck.sty
Package: rerunfilecheck 2016/05/16 v1.8 Rerun checks for auxiliary files (HO)
Package uniquecounter Info: New unique counter `rerunfilecheck' on input line 2
82.
)
\Hy@SectionHShift=\skip48
)

Package hyperref Warning: Option `hyperindex' has already been used,
(hyperref)                setting the option has no effect on input line 366.

Package hyperref Info: Option `colorlinks' set `true' on input line 366.

Package hyperref Warning: Option `pagebackref' has already been used,
(hyperref)                setting the option has no effect on input line 366.

Package hyperref Info: Option `linktocpage' set `true' on input line 366.
Package hyperref Info: Option `plainpages' set `false' on input line 366.
) (/home/tomislav/.TinyTeX/texmf-dist/tex/latex/base/makeidx.sty
Package: makeidx 2014/09/29 v1.0m Standard LaTeX package
)
(/home/tomislav/.TinyTeX/texmf-dist/tex/latex/base/inputenc.sty
Package: inputenc 2018/08/11 v1.3c Input encoding file
\inpenc@prehook=\toks19
\inpenc@posthook=\toks20

(/home/tomislav/.TinyTeX/texmf-dist/tex/latex/base/latin1.def
File: latin1.def 2018/08/11 v1.3c Input encoding file
))
\@indexfile=\write3
\openout3 = `Rd2.idx'.


Writing index file Rd2.idx
(./Rd2.aux)
\openout1 = `Rd2.aux'.

LaTeX Font Info:    Checking defaults for OML/cmm/m/it on input line 8.
LaTeX Font Info:    ... okay on input line 8.
LaTeX Font Info:    Checking defaults for T1/cmr/m/n on input line 8.
LaTeX Font Info:    ... okay on input line 8.
LaTeX Font Info:    Checking defaults for OT1/cmr/m/n on input line 8.
LaTeX Font Info:    ... okay on input line 8.
LaTeX Font Info:    Checking defaults for OMS/cmsy/m/n on input line 8.
LaTeX Font Info:    ... okay on input line 8.
LaTeX Font Info:    Checking defaults for OMX/cmex/m/n on input line 8.
LaTeX Font Info:    ... okay on input line 8.
LaTeX Font Info:    Checking defaults for U/cmr/m/n on input line 8.
LaTeX Font Info:    ... okay on input line 8.
LaTeX Font Info:    Checking defaults for TS1/cmr/m/n on input line 8.
LaTeX Font Info:    Try loading font information for TS1+cmr on input line 8.
 (/home/tomislav/.TinyTeX/texmf-dist/tex/latex/base/ts1cmr.fd
File: ts1cmr.fd 2014/09/29 v2.5h Standard LaTeX font definitions
)
LaTeX Font Info:    ... okay on input line 8.
LaTeX Font Info:    Checking defaults for PD1/pdf/m/n on input line 8.
LaTeX Font Info:    ... okay on input line 8.
\AtBeginShipoutBox=\box31
Package hyperref Info: Link coloring ON on input line 8.

(/home/tomislav/.TinyTeX/texmf-dist/tex/latex/hyperref/nameref.sty
Package: nameref 2016/05/21 v2.44 Cross-referencing by name of section

(/home/tomislav/.TinyTeX/texmf-dist/tex/generic/oberdiek/gettitlestring.sty
Package: gettitlestring 2016/05/16 v1.5 Cleanup title references (HO)
)
\c@section@level=\count106
)
LaTeX Info: Redefining \ref on input line 8.
LaTeX Info: Redefining \pageref on input line 8.
LaTeX Info: Redefining \nameref on input line 8.

(./Rd2.out) (./Rd2.out)
\@outlinefile=\write4
\openout4 = `Rd2.out'.

LaTeX Font Info:    Try loading font information for OT1+zi4 on input line 20.

(/home/tomislav/.TinyTeX/texmf-dist/tex/latex/inconsolata/ot1zi4.fd
File: ot1zi4.fd 2018/01/14 OT1/zi4 (Inconsolata)
)
LaTeX Font Info:    Font shape `OT1/zi4/m/n' will be
(Font)              scaled to size 10.0pt on input line 20.
LaTeX Font Info:    Try loading font information for OML+zi4 on input line 20.
LaTeX Font Info:    No file OMLzi4.fd. on input line 20.


LaTeX Font Warning: Font shape `OML/zi4/m/n' undefined
(Font)              using `OML/cmm/m/it' instead
(Font)              for symbol `textless' on input line 20.

LaTeX Font Info:    External font `cmex10' loaded for size
(Font)              <7> on input line 30.
LaTeX Font Info:    External font `cmex10' loaded for size
(Font)              <5> on input line 30.
(./Rd2.toc [1


{/home/tomislav/.TinyTeX/texmf-var/fonts/map/pdftex/updmap/pdftex.map}] [2])
\tf@toc=\write5
\openout5 = `Rd2.toc'.

 (/home/tomislav/.TinyTeX/texmf-dist/tex/latex/base/utf8.def
File: utf8.def 2018/10/05 v1.2f UTF-8 support for inputenc
)
Overfull \hbox (43.75346pt too wide) in paragraph at lines 65--66
[]\OT1/cmr/m/n/10 Tomislav Hengl (\OML/zi4/m/n/10 <\OT1/zi4/m/n/10 tom.hengl@op
engeohub.org\OML/zi4/m/n/10 >\OT1/cmr/m/n/10 ), Pierre Roudier (\OML/zi4/m/n/10
 <\OT1/zi4/m/n/10 pierre.roudier@landcare.nz\OML/zi4/m/n/10 >\OT1/cmr/m/n/10 ),

 []


Overfull \hbox (59.80905pt too wide) in paragraph at lines 65--66
\OT1/cmr/m/n/10 Dy-lan Beaudette (\OML/zi4/m/n/10 <\OT1/zi4/m/n/10 debeaudette@
ucdavis.edu\OML/zi4/m/n/10 >\OT1/cmr/m/n/10 ), Edzer Pebesma (\OML/zi4/m/n/10 <
\OT1/zi4/m/n/10 edzer.pebesma@uni-muenster.de\OML/zi4/m/n/10 >\OT1/cmr/m/n/10 )
 
 []


Overfull \hbox (5.53117pt too wide) in paragraph at lines 72--73
[]\OT1/cmr/b/n/10 Google Earth Out-reach \OT1/cmr/m/n/10 project ([][]$\OT1/zi4
/m/n/10 http : / / earth . google . com / outreach / tutorials . html$[][]\OT1/
cmr/m/n/10 ) 
 []

[3] [4]
LaTeX Font Info:    Font shape `OT1/zi4/m/n' will be
(Font)              scaled to size 9.0pt on input line 161.
 [5] [6]
Overfull \hbox (6.17052pt too wide) in paragraph at lines 282--283
[]\OT1/cmr/m/n/10 Lozier, J.D., Aniello, P., Hick-er-son, M.J., (2009) [][]Pre-
dict-ing the dis-tri-bu-tion of Sasquatch
 []

[7]
Underfull \hbox (badness 1117) in paragraph at lines 314--314
[]\OT1/cmr/m/it/10 Extracts the proj4 pa-ram-e-ters and checks if the pro-jec-t
ion
 []

[8] [9]
Overfull \hbox (31.99544pt too wide) in paragraph at lines 439--440
[]\OT1/cmr/m/n/10 list of vec-tors of class \OT1/zi4/m/n/10 "SpatialPoint*"\OT1
/cmr/m/n/10 , \OT1/zi4/m/n/10 "SpatialLines*" \OT1/cmr/m/n/10 or \OT1/zi4/m/n/1
0 "SpatialPolygons*"
 []

[10]
LaTeX Font Info:    Try loading font information for TS1+zi4 on input line 502.

 (/home/tomislav/.TinyTeX/texmf-dist/tex/latex/inconsolata/ts1zi4.fd
File: ts1zi4.fd 2018/01/14 TS1/zi4 (Inconsolata)
)
LaTeX Font Info:    Font shape `TS1/zi4/m/n' will be
(Font)              scaled to size 9.0pt on input line 502.

[11]
Overfull \hbox (1.46487pt too wide) in paragraph at lines 545--546
[]\OT1/cmr/m/n/10 The \OT1/zi4/m/n/10 eberg[]grid \OT1/cmr/m/n/10 data frame (r
eg-u-lar grid at 100 m res-o-lu-tion) con-tains the fol-low-ing columns: 
 []

[12] [13] [14]
Underfull \hbox (badness 10000) in paragraph at lines 671--672

 []


Underfull \hbox (badness 10000) in paragraph at lines 673--674

 []

[15]
LaTeX Font Info:    Font shape `TS1/zi4/m/n' will be
(Font)              scaled to size 10.0pt on input line 725.
 [16]
Underfull \hbox (badness 10000) in paragraph at lines 792--794

 []

LaTeX Font Info:    Try loading font information for OMS+zi4 on input line 795.

LaTeX Font Info:    No file OMSzi4.fd. on input line 795.

LaTeX Font Warning: Font shape `OMS/zi4/m/n' undefined
(Font)              using `OMS/cmsy/m/n' instead
(Font)              for symbol `textbraceleft' on input line 795.


Underfull \hbox (badness 10000) in paragraph at lines 795--796

 []

[17] [18] [19] [20]
Overfull \hbox (0.26768pt too wide) in paragraph at lines 995--996
[]\OT1/cmr/m/n/10 Zaninovic K., Gajic-Capka, M., Percec Tadic, M. et al., (2010
) [][]Kli-matski at-las Hrvatske
 []

[21] [22]
Underfull \vbox (badness 10000) has occurred while \output is active []

 [23]
[24] [25] [26]
Underfull \hbox (badness 10000) in paragraph at lines 1361--1363

 []


Underfull \hbox (badness 10000) in paragraph at lines 1364--1365

 []

[27] [28]
Overfull \hbox (4.58698pt too wide) in paragraph at lines 1463--1464
[]\OT1/cmr/m/n/10 Writes any \OT1/zi4/m/n/10 Spatial* \OT1/cmr/m/n/10 ob-ject (
from the sp pack-age), spatio-temporal ob-ject (from the [][]\OT1/zi4/m/n/10 ST
-class[][][]
 []


Overfull \hbox (47.62538pt too wide) in paragraph at lines 1488--1489
[][][]\OT1/zi4/m/n/10 kml[]layer.SpatialPoints[][][]\OT1/cmr/m/n/10 , [][]\OT1/
zi4/m/n/10 kml[]layer.Raster[][][]\OT1/cmr/m/n/10 , [][]\OT1/zi4/m/n/10 kml[]la
yer.SpatialLines[][][]\OT1/cmr/m/n/10 , [][]\OT1/zi4/m/n/10 kml[]layer.SpatialP
olygons[][][]\OT1/cmr/m/n/10 ,
 []

[29]
Overfull \hbox (57.41206pt too wide) in paragraph at lines 1535--1536
[]\OT1/cmr/m/n/10 object of class \OT1/zi4/m/n/10 "RasterLayer"\OT1/cmr/m/n/10 
, \OT1/zi4/m/n/10 "SpatialPixelsDataFrame" \OT1/cmr/m/n/10 or \OT1/zi4/m/n/10 "
SpatialGridDataFrame" 
 []

[30] [31] [32] [33] [34]
Overfull \hbox (57.41206pt too wide) in paragraph at lines 1799--1800
[]\OT1/cmr/m/n/10 object of class \OT1/zi4/m/n/10 "RasterLayer"\OT1/cmr/m/n/10 
, \OT1/zi4/m/n/10 "SpatialPixelsDataFrame" \OT1/cmr/m/n/10 or \OT1/zi4/m/n/10 "
SpatialGridDataFrame" 
 []

[35] [36]
Underfull \hbox (badness 10000) in paragraph at lines 1882--1883

 []


Underfull \hbox (badness 10000) in paragraph at lines 1884--1885

 []

[37] [38]
Underfull \hbox (badness 10000) in paragraph at lines 1976--1978

 []


Underfull \hbox (badness 10000) in paragraph at lines 1979--1980

 []

[39]
Overfull \hbox (2.79022pt too wide) in paragraph at lines 2025--2026
[]\OT1/cmr/m/n/10 additional ar-gu-ments that can be passed to the \OT1/zi4/m/n
/10 kml[]layer.Spatial \OT1/cmr/m/n/10 method 
 []


Underfull \hbox (badness 10000) in paragraph at lines 2030--2031

 []


Underfull \hbox (badness 10000) in paragraph at lines 2032--2033

 []


Underfull \hbox (badness 10000) in paragraph at lines 2034--2035

 []


Underfull \hbox (badness 10000) in paragraph at lines 2036--2037

 []

[40] [41]
Overfull \hbox (3.10059pt too wide) in paragraph at lines 2110--2110
 []\OT1/zi4/m/n/10 kml_layer.STTDF(obj, id.name = names(obj@data)[which(names(o
bj@data)== "burst")],[] 
 []


Underfull \hbox (badness 10000) in paragraph at lines 2138--2139

 []


Underfull \hbox (badness 10000) in paragraph at lines 2140--2141

 []

[42]
Overfull \hbox (13.06992pt too wide) in paragraph at lines 2173--2173
 []     \OT1/zi4/m/n/10 z.lim = range(x, na.rm=TRUE, finite=TRUE), factor.label
s, png.type = "cairo-png")[] 
 []

[43] [44] [45] [46] [47]
Underfull \hbox (badness 10000) in paragraph at lines 2467--2468

 []


Underfull \hbox (badness 10000) in paragraph at lines 2469--2470

 []

[48] [49] [50] [51] [52]
Overfull \hbox (16.41006pt too wide) in paragraph at lines 2748--2748
 []      \OT1/zi4/m/n/10 folder.name = normalizeFilename(deparse(substitute(obj
, env = parent.frame()))),[] 
 []


Overfull \hbox (16.41006pt too wide) in paragraph at lines 2755--2755
 []      \OT1/zi4/m/n/10 folder.name = normalizeFilename(deparse(substitute(obj
, env = parent.frame()))),[] 
 []


Overfull \hbox (16.41006pt too wide) in paragraph at lines 2760--2760
 []      \OT1/zi4/m/n/10 folder.name = normalizeFilename(deparse(substitute(obj
, env = parent.frame()))),[] 
 []

[53]
Overfull \hbox (16.41006pt too wide) in paragraph at lines 2766--2766
 []      \OT1/zi4/m/n/10 folder.name = normalizeFilename(deparse(substitute(obj
, env = parent.frame()))),[] 
 []


Overfull \hbox (16.41006pt too wide) in paragraph at lines 2771--2771
 []      \OT1/zi4/m/n/10 folder.name = normalizeFilename(deparse(substitute(obj
, env = parent.frame()))),[] 
 []


Overfull \hbox (16.41006pt too wide) in paragraph at lines 2776--2776
 []      \OT1/zi4/m/n/10 folder.name = normalizeFilename(deparse(substitute(obj
, env = parent.frame()))),[] 
 []


Overfull \hbox (16.41006pt too wide) in paragraph at lines 2781--2781
 []      \OT1/zi4/m/n/10 folder.name = normalizeFilename(deparse(substitute(obj
, env = parent.frame()))),[] 
 []


Overfull \hbox (16.41006pt too wide) in paragraph at lines 2786--2786
 []      \OT1/zi4/m/n/10 folder.name = normalizeFilename(deparse(substitute(obj
, env = parent.frame()))),[] 
 []


Overfull \hbox (16.41006pt too wide) in paragraph at lines 2792--2792
 []      \OT1/zi4/m/n/10 folder.name = normalizeFilename(deparse(substitute(obj
, env = parent.frame()))),[] 
 []


Overfull \hbox (16.41006pt too wide) in paragraph at lines 2802--2802
 []      \OT1/zi4/m/n/10 folder.name = normalizeFilename(deparse(substitute(obj
, env = parent.frame()))),[] 
 []


Overfull \hbox (16.41006pt too wide) in paragraph at lines 2808--2808
 []      \OT1/zi4/m/n/10 folder.name = normalizeFilename(deparse(substitute(obj
, env = parent.frame()))),[] 
 []


Underfull \vbox (badness 10000) has occurred while \output is active []

 [54]
Overfull \hbox (16.41006pt too wide) in paragraph at lines 2814--2814
 []      \OT1/zi4/m/n/10 folder.name = normalizeFilename(deparse(substitute(obj
, env = parent.frame()))),[] 
 []


Overfull \hbox (16.41006pt too wide) in paragraph at lines 2821--2821
 []      \OT1/zi4/m/n/10 folder.name = normalizeFilename(deparse(substitute(obj
, env = parent.frame()))),[] 
 []


Overfull \hbox (16.41006pt too wide) in paragraph at lines 2831--2831
 []      \OT1/zi4/m/n/10 folder.name = normalizeFilename(deparse(substitute(obj
, env = parent.frame()))),[] 
 []


Overfull \hbox (16.41006pt too wide) in paragraph at lines 2838--2838
 []      \OT1/zi4/m/n/10 folder.name = normalizeFilename(deparse(substitute(obj
, env = parent.frame()))),[] 
 []


Overfull \hbox (16.41006pt too wide) in paragraph at lines 2843--2843
 []      \OT1/zi4/m/n/10 folder.name = normalizeFilename(deparse(substitute(obj
, env = parent.frame()))),[] 
 []


Overfull \hbox (9.75021pt too wide) in paragraph at lines 2849--2849
 []      \OT1/zi4/m/n/10 folder.name = normalizeFilename(deparse(substitute(obj
, env=parent.frame()))),[] 
 []

[55]
Overfull \hbox (17.41249pt too wide) in paragraph at lines 2868--2869
[]\OT1/cmr/m/n/10 target vari-able name (only valid for vi-su-al-iza-tion of \O
T1/zi4/m/n/10 "SoilProfileCollection"
 []


Overfull \hbox (2.39212pt too wide) in paragraph at lines 2898--2899
\OT1/zi4/m/n/10 "SpatialPolygonsDataFrame"\OT1/cmr/m/n/10 , or \OT1/zi4/m/n/10 
"SpatialPixelsDataFrame" \OT1/cmr/m/n/10 con-sider us-ing the \OT1/zi4/m/n/10 G
SIF::tile
 []


Overfull \hbox (33.00313pt too wide) in paragraph at lines 2902--2903
[][][]\OT1/zi4/m/n/10 SpatialPredictions-class[][][]\OT1/cmr/m/n/10 , [][]\OT1/
zi4/m/n/10 SpatialVectorsSimulations-class[][][]\OT1/cmr/m/n/10 , [][]\OT1/zi4/
m/n/10 RasterBrickSimulations-class[][][]\OT1/cmr/m/n/10 ,
 []


Overfull \hbox (15.22534pt too wide) in paragraph at lines 2902--2903
[][]\OT1/zi4/m/n/10 RasterBrickTimeSeries-class[][][]\OT1/cmr/m/n/10 , [][]\OT1
/zi4/m/n/10 SpatialMaxEntOutput-class[][][]\OT1/cmr/m/n/10 , [][]\OT1/zi4/m/n/1
0 SpatialSamplingPattern-class[][][] 
 []

[56] [57]
Underfull \vbox (badness 10000) has occurred while \output is active []

 [58]
Underfull \vbox (badness 10000) has occurred while \output is active []

 [59]
Underfull \vbox (badness 10000) has occurred while \output is active []

 [60]
Underfull \vbox (badness 10000) has occurred while \output is active []

 [61]
Underfull \vbox (badness 10000) has occurred while \output is active []

 [62]
[63] [64] [65] [66] [67] [68] [69]
Overfull \hbox (27.77168pt too wide) in paragraph at lines 3680--3680
 []\OT1/zi4/m/n/9 # download.file(paste("http://data.gbif.org/occurrences/taxon
/celldensity/", kml.file, sep=""),[] 
 []

[70] [71pdfTeX warning (ext4): destination with the same identifier (name{Rfn.r
eproject,SpatialPixelsDataFrame.Rdash.method}) has been already used, duplicate
 ignored

\AtBegShi@Output ...ipout \box \AtBeginShipoutBox 
                                                  \fi \fi 
l.3744 ## S4 method for signature 'RasterBrick'
                                               ] [72]
Overfull \hbox (24.58698pt too wide) in paragraph at lines 3833--3835
\OT1/cmr/m/n/10 Pos-si-bly the most used palettes for vi-su-al-iza-tion of nu-m
eric vari-ables are \OT1/zi4/m/n/10 rev(rainbow(65)[1:48])
 []


Overfull \hbox (45.39134pt too wide) in paragraph at lines 3838--3839
\OT1/cmr/m/n/10 R. All pal-letes de-scribed here were pre-pared for R by Tomis-
lav Hengl (\OML/zi4/m/n/10 <\OT1/zi4/m/n/10 tom.hengl@opengeohub.org\OML/zi4/m/
n/10 >\OT1/cmr/m/n/10 ). 
 []

[73]
Overfull \hbox (12.97467pt too wide) in paragraph at lines 3877--3878
[]\OT1/cmr/m/n/10 A class for color palette that can be fur-ther used to cre-at
e an ob-ject of class \OT1/zi4/m/n/10 "SpatialMetadata"\OT1/cmr/m/n/10 . 
 []

[74]
Overfull \hbox (71.86435pt too wide) in paragraph at lines 3920--3921
[]\OT1/cmr/m/n/10 object of class \OT1/zi4/m/n/10 "Spatial" \OT1/cmr/m/n/10 (id
e-ally \OT1/zi4/m/n/10 "SpatialPolygonsDataFrame" \OT1/cmr/m/n/10 or \OT1/zi4/m
/n/10 "SpatialPixelsDataFrame"\OT1/cmr/m/n/10 );
 []

[75] [76] [77]
Overfull \hbox (43.61435pt too wide) in paragraph at lines 4080--4081
[]\OT1/cmr/m/n/10 object of class \OT1/zi4/m/n/10 "SpatialPointsDataFrame" \OT1
/cmr/m/n/10 (must be 2D); see \OT1/zi4/m/n/10 sp::SpatialPointsDataFrame 
 []


Overfull \hbox (20.44757pt too wide) in paragraph at lines 4120--4121
[][][]\OT1/zi4/m/n/10 plotKML-method[][][]\OT1/cmr/m/n/10 , \OT1/zi4/m/n/10 GSI
F::fit.gstatModel\OT1/cmr/m/n/10 , \OT1/zi4/m/n/10 gstat::gstat-class\OT1/cmr/m
/n/10 , [][]\OT1/zi4/m/n/10 RasterBrickSimulations-class[][][] 
 []

[78] [79] [80]
Overfull \hbox (13.50496pt too wide) in paragraph at lines 4265--4266
[]\OT1/cmr/m/n/10 logical; spec-i-fies whether to val-i-date the schema us-ing 
the \OT1/zi4/m/n/10 xmlSchemaValidate 
 []


Overfull \hbox (56.63496pt too wide) in paragraph at lines 4271--4273
\OT1/cmr/m/n/10 or \OT1/zi4/m/n/10 system.file("INSPIRE[]ISO19139.xml", package
="plotKML")\OT1/cmr/m/n/10 ). The \OT1/zi4/m/n/10 FGDC.xml\OT1/cmr/m/n/10 /\OT1
/zi4/m/n/10 INSPIRE[]ISO19139.xml
 []


Overfull \hbox (4.58667pt too wide) in paragraph at lines 4284--4285
[]\OT1/zi4/m/n/10 metadata[["fileIdentifier"]][["CharacterString"]] \OT1/cmr/m/
n/10 --- Meta-data file iden-ti-fier (not
 []

[81]
Overfull \hbox (8.5035pt too wide) in paragraph at lines 4285--4286
[]\OT1/zi4/m/n/10 metadata[["dateStamp"]][["Date"]] \OT1/cmr/m/n/10 --- Meta-da
ta date stamp cre-ated us-ing Sys.Date(). 
 []


Overfull \hbox (320.91083pt too wide) in paragraph at lines 4287--4288
[]\OT1/zi4/m/n/10 metadata[["identificationInfo"]][["MD[]DataIdentification"]] 
[["extent"]][["EX[]Extent"]][["geographicElement"]][["EX[]GeographicBoundingBox
"]]
 []

[82] [83] [84] [85]
Overfull \hbox (74.5182pt too wide) in paragraph at lines 4513--4514
[]\OT1/cmr/m/n/10 integer; tar-get col-umn in the out-put shape file (see \OT1/
zi4/m/n/10 rsaga.get.usage("grid[]gridding", 0)\OT1/cmr/m/n/10 ) 
 []


Overfull \hbox (28.12926pt too wide) in paragraph at lines 4514--4515
[]\OT1/cmr/m/n/10 integer; method for mul-ti-ple val-ues (see \OT1/zi4/m/n/10 r
saga.get.usage("grid[]gridding", 0)\OT1/cmr/m/n/10 ) 
 []


Overfull \hbox (22.6292pt too wide) in paragraph at lines 4516--4517
[]\OT1/cmr/m/n/10 integer; pre-ferred tar-get grid type (see \OT1/zi4/m/n/10 rs
aga.get.usage("grid[]gridding", 0)\OT1/cmr/m/n/10 ) 
 []

[86] [87] [88] [89]
Overfull \hbox (10.2537pt too wide) in paragraph at lines 4712--4713
[]\OT1/cmr/m/n/10 Color palette used for the most gen-eral land use classes at 
scale 1:250k (TOP250NL). 
 []

[90] (./Rd2.ind [91]

LaTeX Font Warning: Font shape `OT1/zi4/m/it' undefined
(Font)              using `OT1/zi4/m/n' instead on input line 88.

LaTeX Font Info:    Font shape `OT1/zi4/m/it' will be
(Font)              scaled to size 10.0pt on input line 90.
[92

] [93]
Overfull \hbox (3.43166pt too wide) in paragraph at lines 334--336
\OT1/cmr/m/it/10 (\OT1/zi4/m/it/10 RasterBrickSimulations-class\OT1/cmr/m/it/10
 )\OT1/cmr/m/n/10 , 
 []


Overfull \hbox (5.8567pt too wide) in paragraph at lines 358--360
[]\OT1/zi4/m/it/10 plotKML,SpatialPolygonsDataFrame-method 
 []


Overfull \hbox (3.43166pt too wide) in paragraph at lines 362--364
\OT1/cmr/m/it/10 (\OT1/zi4/m/it/10 SpatialSamplingPattern-class\OT1/cmr/m/it/10
 )\OT1/cmr/m/n/10 , 
 []


Overfull \hbox (18.43166pt too wide) in paragraph at lines 366--368
\OT1/cmr/m/it/10 (\OT1/zi4/m/it/10 SpatialVectorsSimulations-class\OT1/cmr/m/it
/10 )\OT1/cmr/m/n/10 , 
 []


Overfull \hbox (10.8567pt too wide) in paragraph at lines 368--370
[]\OT1/zi4/m/it/10 plotKML,SpatialVectorsSimulations-method 
 []

[94]
Overfull \hbox (5.8567pt too wide) in paragraph at lines 422--424
[]\OT1/zi4/m/it/10 reproject,SpatialPixelsDataFrame-method 
 []

[95])
Package atveryend Info: Empty hook `BeforeClearDocument' on input line 4758.
Package atveryend Info: Empty hook `AfterLastShipout' on input line 4758.
 (./Rd2.aux)
Package atveryend Info: Executing hook `AtVeryEndDocument' on input line 4758.
Package atveryend Info: Executing hook `AtEndAfterFileList' on input line 4758.

Package rerunfilecheck Info: File `Rd2.out' has not changed.
(rerunfilecheck)             Checksum: C68B2CC05567288E7F83772A48A4937A;4338.


LaTeX Font Warning: Some font shapes were not available, defaults substituted.

Package atveryend Info: Empty hook `AtVeryVeryEnd' on input line 4758.
 ) 
Here is how much of TeX's memory you used:
 6613 strings out of 494562
 99121 string characters out of 6177814
 176078 words of memory out of 5000000
 9373 multiletter control sequences out of 15000+600000
 12116 words of font info for 42 fonts, out of 8000000 for 9000
 14 hyphenation exceptions out of 8191
 38i,6n,36p,1232b,592s stack positions out of 5000i,500n,10000p,200000b,80000s
pdfTeX warning (dest): name{Rfn.CRS.Rdash.class} has been referenced but does
 not exist, replaced by a fixed one

pdfTeX warning (dest): name{Rfn.spTransform} has been referenced but does not e
xist, replaced by a fixed one

pdfTeX warning (dest): name{Rfn.projectRaster} has been referenced but does not
 exist, replaced by a fixed one

pdfTeX warning (dest): name{Rfn.ST.Rdash.class} has been referenced but does no
t exist, replaced by a fixed one

{/home/tomislav/.TinyTeX/texmf-dist/fonts/enc/dvips/inconsolata/i4-ts1.enc} </h
ome/tomislav/.TinyTeX/texmf-var/fonts/pk/ljfour/jknappen/ec/tcrm1000.600pk>{/ho
me/tomislav/.TinyTeX/texmf-dist/fonts/enc/dvips/inconsolata/i4-ot1-0.enc}</home
/tomislav/.TinyTeX/texmf-dist/fonts/type1/public/inconsolata/Inconsolata-zi4r.p
fb></home/tomislav/.TinyTeX/texmf-dist/fonts/type1/public/amsfonts/cm/cmb10.pfb
></home/tomislav/.TinyTeX/texmf-dist/fonts/type1/public/amsfonts/cm/cmbx10.pfb>
</home/tomislav/.TinyTeX/texmf-dist/fonts/type1/public/amsfonts/cm/cmbx12.pfb><
/home/tomislav/.TinyTeX/texmf-dist/fonts/type1/public/amsfonts/cm/cmbxti10.pfb>
</home/tomislav/.TinyTeX/texmf-dist/fonts/type1/public/amsfonts/cm/cmmi10.pfb><
/home/tomislav/.TinyTeX/texmf-dist/fonts/type1/public/amsfonts/cm/cmr10.pfb></h
ome/tomislav/.TinyTeX/texmf-dist/fonts/type1/public/amsfonts/cm/cmr12.pfb></hom
e/tomislav/.TinyTeX/texmf-dist/fonts/type1/public/amsfonts/cm/cmsl10.pfb></home
/tomislav/.TinyTeX/texmf-dist/fonts/type1/public/amsfonts/cm/cmss10.pfb></home/
tomislav/.TinyTeX/texmf-dist/fonts/type1/public/amsfonts/cm/cmss12.pfb></home/t
omislav/.TinyTeX/texmf-dist/fonts/type1/public/amsfonts/cm/cmsy10.pfb></home/to
mislav/.TinyTeX/texmf-dist/fonts/type1/public/amsfonts/cm/cmsy7.pfb></home/tomi
slav/.TinyTeX/texmf-dist/fonts/type1/public/amsfonts/cm/cmti10.pfb>
Output written on Rd2.pdf (95 pages, 420075 bytes).
PDF statistics:
 2301 PDF objects out of 2487 (max. 8388607)
 2164 compressed objects within 22 object streams
 826 named destinations out of 1000 (max. 500000)
 521 words of extra memory for PDF output out of 10000 (max. 10000000)

